{"C:\\jest\\fakes\\src\\app\\doubles\\otherUtils.ts": {"path":"C:\\jest\\fakes\\src\\app\\doubles\\otherUtils.ts","statementMap":{"0":{"start":{"line":4,"column":4},"end":{"line":4,"column":29}},"1":{"start":{"line":7,"column":4},"end":{"line":7,"column":21}},"2":{"start":{"line":1,"column":0},"end":{"line":1,"column":13}}},"fnMap":{"0":{"name":"(anonymous_0)","decl":{"start":{"line":2,"column":10},"end":{"line":2,"column":15}},"loc":{"start":{"line":2,"column":15},"end":{"line":2,"column":20}}},"1":{"name":"(anonymous_1)","decl":{"start":{"line":3,"column":9},"end":{"line":3,"column":20}},"loc":{"start":{"line":3,"column":32},"end":{"line":5,"column":3}}},"2":{"name":"(anonymous_2)","decl":{"start":{"line":6,"column":9},"end":{"line":6,"column":19}},"loc":{"start":{"line":6,"column":31},"end":{"line":8,"column":3}}}},"branchMap":{},"s":{"0":1,"1":1,"2":1},"f":{"0":0,"1":1,"2":1},"b":{}}
}
