{"C:\\jest\\fakes\\src\\app\\doubles\\otherUtils.ts": {"path":"C:\\jest\\fakes\\src\\app\\doubles\\otherUtils.ts","statementMap":{"0":{"start":{"line":21,"column":0},"end":{"line":21,"column":16}},"1":{"start":{"line":25,"column":0},"end":{"line":25,"column":16}},"2":{"start":{"line":29,"column":0},"end":{"line":29,"column":16}},"3":{"start":{"line":35,"column":0},"end":{"line":35,"column":16}},"4":{"start":{"line":4,"column":4},"end":{"line":4,"column":29}},"5":{"start":{"line":7,"column":4},"end":{"line":7,"column":21}},"6":{"start":{"line":1,"column":0},"end":{"line":1,"column":13}},"7":{"start":{"line":11,"column":0},"end":{"line":11,"column":26}},"8":{"start":{"line":22,"column":2},"end":{"line":22,"column":27}},"9":{"start":{"line":26,"column":2},"end":{"line":26,"column":34}},"10":{"start":{"line":30,"column":2},"end":{"line":30,"column":60}},"11":{"start":{"line":36,"column":2},"end":{"line":39,"column":3}},"12":{"start":{"line":37,"column":4},"end":{"line":37,"column":26}},"13":{"start":{"line":38,"column":4},"end":{"line":38,"column":11}},"14":{"start":{"line":40,"column":2},"end":{"line":40,"column":48}},"15":{"start":{"line":41,"column":2},"end":{"line":41,"column":27}}},"fnMap":{"0":{"name":"(anonymous_0)","decl":{"start":{"line":2,"column":10},"end":{"line":2,"column":15}},"loc":{"start":{"line":2,"column":15},"end":{"line":2,"column":20}}},"1":{"name":"(anonymous_1)","decl":{"start":{"line":3,"column":9},"end":{"line":3,"column":20}},"loc":{"start":{"line":3,"column":32},"end":{"line":5,"column":3}}},"2":{"name":"(anonymous_2)","decl":{"start":{"line":6,"column":9},"end":{"line":6,"column":19}},"loc":{"start":{"line":6,"column":31},"end":{"line":8,"column":3}}},"3":{"name":"toUpperCase","decl":{"start":{"line":21,"column":16},"end":{"line":21,"column":27}},"loc":{"start":{"line":21,"column":39},"end":{"line":23,"column":1}}},"4":{"name":"toLowerCaseWithId","decl":{"start":{"line":25,"column":16},"end":{"line":25,"column":33}},"loc":{"start":{"line":25,"column":45},"end":{"line":27,"column":1}}},"5":{"name":"calculateComplexity","decl":{"start":{"line":29,"column":16},"end":{"line":29,"column":35}},"loc":{"start":{"line":29,"column":58},"end":{"line":31,"column":1}}},"6":{"name":"toUpperCaseWithCf","decl":{"start":{"line":35,"column":16},"end":{"line":35,"column":33}},"loc":{"start":{"line":35,"column":60},"end":{"line":42,"column":1}}}},"branchMap":{"0":{"loc":{"start":{"line":36,"column":2},"end":{"line":39,"column":3}},"type":"if","locations":[{"start":{"line":36,"column":2},"end":{"line":39,"column":3}}]}},"s":{"0":2,"1":2,"2":2,"3":2,"4":0,"5":0,"6":2,"7":2,"8":1,"9":1,"10":0,"11":0,"12":0,"13":0,"14":0,"15":0},"f":{"0":0,"1":0,"2":0,"3":1,"4":1,"5":0,"6":0},"b":{"0":[0]}}
}
