<?xml version="1.0" encoding="UTF-8"?>
<coverage generated="1736406562534" clover="3.2.0">
  <project timestamp="1736406562534" name="All files">
    <metrics statements="8" coveredstatements="8" conditionals="1" coveredconditionals="1" methods="2" coveredmethods="2" elements="11" coveredelements="11" complexity="0" loc="8" ncloc="8" packages="1" files="1" classes="1"/>
    <file name="otherUtils.ts" path="C:\jest\stubs\src\app\doubles\otherUtils.ts">
      <metrics statements="8" coveredstatements="8" conditionals="1" coveredconditionals="1" methods="2" coveredmethods="2"/>
      <line num="9" count="1" type="stmt"/>
      <line num="10" count="1" type="stmt"/>
      <line num="15" count="1" type="stmt"/>
      <line num="16" count="2" type="cond" truecount="1" falsecount="0"/>
      <line num="17" count="1" type="stmt"/>
      <line num="18" count="1" type="stmt"/>
      <line num="20" count="1" type="stmt"/>
      <line num="21" count="1" type="stmt"/>
    </file>
  </project>
</coverage>
