{"C:\\jest\\error catching\\src\\app\\passchecker\\passchecker.ts": {"path":"C:\\jest\\error catching\\src\\app\\passchecker\\passchecker.ts","statementMap":{"0":{"start":{"line":1,"column":0},"end":{"line":1,"column":null}},"1":{"start":{"line":2,"column":2},"end":{"line":2,"column":null}},"2":{"start":{"line":3,"column":2},"end":{"line":3,"column":null}},"3":{"start":{"line":4,"column":2},"end":{"line":4,"column":null}},"4":{"start":{"line":5,"column":2},"end":{"line":5,"column":null}},"5":{"start":{"line":15,"column":38},"end":{"line":15,"column":40}},"6":{"start":{"line":16,"column":4},"end":{"line":16,"column":31}},"7":{"start":{"line":17,"column":4},"end":{"line":17,"column":36}},"8":{"start":{"line":18,"column":4},"end":{"line":18,"column":36}},"9":{"start":{"line":20,"column":4},"end":{"line":23,"column":6}},"10":{"start":{"line":27,"column":23},"end":{"line":27,"column":46}},"11":{"start":{"line":28,"column":41},"end":{"line":30,"column":null}},"12":{"start":{"line":32,"column":4},"end":{"line":35,"column":6}},"13":{"start":{"line":39,"column":4},"end":{"line":41,"column":5}},"14":{"start":{"line":40,"column":6},"end":{"line":40,"column":41}},"15":{"start":{"line":45,"column":4},"end":{"line":47,"column":5}},"16":{"start":{"line":46,"column":6},"end":{"line":46,"column":49}},"17":{"start":{"line":51,"column":4},"end":{"line":53,"column":5}},"18":{"start":{"line":52,"column":6},"end":{"line":52,"column":49}},"19":{"start":{"line":56,"column":22},"end":{"line":56,"column":26}},"20":{"start":{"line":57,"column":4},"end":{"line":59,"column":5}},"21":{"start":{"line":58,"column":6},"end":{"line":58,"column":45}},"22":{"start":{"line":60,"column":4},"end":{"line":60,"column":19}},"23":{"start":{"line":13,"column":0},"end":{"line":13,"column":13}}},"fnMap":{"0":{"name":"(anonymous_0)","decl":{"start":{"line":1,"column":0},"end":{"line":1,"column":12}},"loc":{"start":{"line":1,"column":26},"end":{"line":6,"column":1}}},"1":{"name":"(anonymous_1)","decl":{"start":{"line":14,"column":9},"end":{"line":14,"column":22}},"loc":{"start":{"line":14,"column":34},"end":{"line":24,"column":3}}},"2":{"name":"(anonymous_2)","decl":{"start":{"line":26,"column":9},"end":{"line":26,"column":27}},"loc":{"start":{"line":26,"column":39},"end":{"line":36,"column":3}}},"3":{"name":"(anonymous_3)","decl":{"start":{"line":38,"column":10},"end":{"line":38,"column":17}},"loc":{"start":{"line":38,"column":56},"end":{"line":42,"column":3}}},"4":{"name":"(anonymous_4)","decl":{"start":{"line":44,"column":10},"end":{"line":44,"column":22}},"loc":{"start":{"line":44,"column":61},"end":{"line":48,"column":3}}},"5":{"name":"(anonymous_5)","decl":{"start":{"line":50,"column":10},"end":{"line":50,"column":22}},"loc":{"start":{"line":50,"column":61},"end":{"line":54,"column":3}}},"6":{"name":"(anonymous_6)","decl":{"start":{"line":55,"column":10},"end":{"line":55,"column":19}},"loc":{"start":{"line":55,"column":58},"end":{"line":61,"column":3}}}},"branchMap":{"0":{"loc":{"start":{"line":1,"column":12},"end":{"line":1,"column":null}},"type":"binary-expr","locations":[{"start":{"line":1,"column":12},"end":{"line":1,"column":26}},{"start":{"line":1,"column":26},"end":{"line":1,"column":null}}]},"1":{"loc":{"start":{"line":21,"column":13},"end":{"line":21,"column":46}},"type":"cond-expr","locations":[{"start":{"line":21,"column":34},"end":{"line":21,"column":39}},{"start":{"line":21,"column":42},"end":{"line":21,"column":46}}]},"2":{"loc":{"start":{"line":33,"column":13},"end":{"line":33,"column":49}},"type":"cond-expr","locations":[{"start":{"line":33,"column":37},"end":{"line":33,"column":42}},{"start":{"line":33,"column":45},"end":{"line":33,"column":49}}]},"3":{"loc":{"start":{"line":39,"column":4},"end":{"line":41,"column":5}},"type":"if","locations":[{"start":{"line":39,"column":4},"end":{"line":41,"column":5}}]},"4":{"loc":{"start":{"line":45,"column":4},"end":{"line":47,"column":5}},"type":"if","locations":[{"start":{"line":45,"column":4},"end":{"line":47,"column":5}}]},"5":{"loc":{"start":{"line":51,"column":4},"end":{"line":53,"column":5}},"type":"if","locations":[{"start":{"line":51,"column":4},"end":{"line":53,"column":5}}]},"6":{"loc":{"start":{"line":57,"column":4},"end":{"line":59,"column":5}},"type":"if","locations":[{"start":{"line":57,"column":4},"end":{"line":59,"column":5}}]}},"s":{"0":1,"1":1,"2":1,"3":1,"4":1,"5":9,"6":9,"7":9,"8":9,"9":9,"10":2,"11":2,"12":2,"13":9,"14":4,"15":9,"16":3,"17":9,"18":2,"19":2,"20":2,"21":1,"22":2,"23":1},"f":{"0":1,"1":9,"2":2,"3":9,"4":9,"5":9,"6":2},"b":{"0":[1,1],"1":[6,3],"2":[1,1],"3":[4],"4":[3],"5":[2],"6":[1]}}
}
