TN:
SF:src\app\passchecker\passchecker.ts
FN:1,(anonymous_0)
FN:14,(anonymous_1)
FN:26,(anonymous_2)
FN:38,(anonymous_3)
FN:44,(anonymous_4)
FN:50,(anonymous_5)
FN:55,(anonymous_6)
FNF:7
FNH:7
FNDA:1,(anonymous_0)
FNDA:9,(anonymous_1)
FNDA:2,(anonymous_2)
FNDA:9,(anonymous_3)
FNDA:9,(anonymous_4)
FNDA:9,(anonymous_5)
FNDA:2,(anonymous_6)
DA:1,1
DA:2,1
DA:3,1
DA:4,1
DA:5,1
DA:13,1
DA:15,9
DA:16,9
DA:17,9
DA:18,9
DA:20,9
DA:27,2
DA:28,2
DA:32,2
DA:39,9
DA:40,4
DA:45,9
DA:46,3
DA:51,9
DA:52,2
DA:56,2
DA:57,2
DA:58,1
DA:60,2
LF:24
LH:24
BRDA:1,0,0,1
BRDA:1,0,1,1
BRDA:21,1,0,6
BRDA:21,1,1,3
BRDA:33,2,0,1
BRDA:33,2,1,1
BRDA:39,3,0,4
BRDA:45,4,0,3
BRDA:51,5,0,2
BRDA:57,6,0,1
BRF:10
BRH:10
end_of_record
