<?xml version="1.0" encoding="UTF-8"?>
<coverage generated="1736491840222" clover="3.2.0">
  <project timestamp="1736491840223" name="All files">
    <metrics statements="16" coveredstatements="8" conditionals="1" coveredconditionals="0" methods="7" coveredmethods="2" elements="24" coveredelements="10" complexity="0" loc="16" ncloc="16" packages="1" files="1" classes="1"/>
    <file name="otherUtils.ts" path="C:\jest\fakes\src\app\doubles\otherUtils.ts">
      <metrics statements="16" coveredstatements="8" conditionals="1" coveredconditionals="0" methods="7" coveredmethods="2"/>
      <line num="1" count="2" type="stmt"/>
      <line num="4" count="0" type="stmt"/>
      <line num="7" count="0" type="stmt"/>
      <line num="11" count="2" type="stmt"/>
      <line num="21" count="2" type="stmt"/>
      <line num="22" count="1" type="stmt"/>
      <line num="25" count="2" type="stmt"/>
      <line num="26" count="1" type="stmt"/>
      <line num="29" count="2" type="stmt"/>
      <line num="30" count="0" type="stmt"/>
      <line num="35" count="2" type="stmt"/>
      <line num="36" count="0" type="cond" truecount="0" falsecount="1"/>
      <line num="37" count="0" type="stmt"/>
      <line num="38" count="0" type="stmt"/>
      <line num="40" count="0" type="stmt"/>
      <line num="41" count="0" type="stmt"/>
    </file>
  </project>
</coverage>
