TN:
SF:src\app\doubles\otherUtils.ts
FN:2,(anonymous_0)
FN:3,(anonymous_1)
FN:6,(anonymous_2)
FN:21,toUpperCase
FN:25,toLowerCaseWithId
FN:29,calculateComplexity
FN:35,toUpperCaseWithCf
FNF:7
FNH:2
FNDA:0,(anonymous_0)
FNDA:0,(anonymous_1)
FNDA:0,(anonymous_2)
FNDA:1,toUpperCase
FNDA:1,toLowerCaseWithId
FNDA:0,calculateComplexity
FNDA:0,toUpperCaseWithCf
DA:1,2
DA:4,0
DA:7,0
DA:11,2
DA:21,2
DA:22,1
DA:25,2
DA:26,1
DA:29,2
DA:30,0
DA:35,2
DA:36,0
DA:37,0
DA:38,0
DA:40,0
DA:41,0
LF:16
LH:8
BRDA:36,0,0,0
BRF:1
BRH:0
end_of_record
